2018-12-29 14:07:47.305 [http-nio-8081-exec-1] DEBUG com.my.blog.website.service.impl.SiteServiceImpl - Enter getArchives method
2018-12-29 14:07:47.368 [http-nio-8081-exec-1] DEBUG com.my.blog.website.service.impl.SiteServiceImpl - Exit getArchives method
2018-12-29 14:07:48.323 [http-nio-8081-exec-3] DEBUG com.my.blog.website.service.impl.ContentServiceImpl - Enter getContents method
2018-12-29 14:07:48.348 [http-nio-8081-exec-3] DEBUG com.my.blog.website.service.impl.ContentServiceImpl - Exit getContents method
2018-12-29 14:07:53.141 [http-nio-8081-exec-4] DEBUG com.my.blog.website.service.impl.SiteServiceImpl - Enter getArchives method
2018-12-29 14:07:53.148 [http-nio-8081-exec-4] DEBUG com.my.blog.website.service.impl.SiteServiceImpl - Exit getArchives method
2018-12-29 14:08:19.304 [http-nio-8081-exec-6] DEBUG com.my.blog.website.service.impl.SiteServiceImpl - Enter getArchives method
2018-12-29 14:08:19.310 [http-nio-8081-exec-6] DEBUG com.my.blog.website.service.impl.SiteServiceImpl - Exit getArchives method
2018-12-29 14:08:35.988 [http-nio-8081-exec-9] DEBUG com.my.blog.website.service.impl.SiteServiceImpl - Enter getArchives method
2018-12-29 14:08:35.997 [http-nio-8081-exec-9] DEBUG com.my.blog.website.service.impl.SiteServiceImpl - Exit getArchives method
2018-12-29 14:09:18.984 [http-nio-8081-exec-2] DEBUG com.my.blog.website.service.impl.SiteServiceImpl - Enter getArchives method
2018-12-29 14:09:18.998 [http-nio-8081-exec-2] DEBUG com.my.blog.website.service.impl.SiteServiceImpl - Exit getArchives method
2018-12-29 14:09:47.847 [http-nio-8081-exec-5] DEBUG com.my.blog.website.service.impl.SiteServiceImpl - Enter getArchives method
2018-12-29 14:09:47.861 [http-nio-8081-exec-5] DEBUG com.my.blog.website.service.impl.SiteServiceImpl - Exit getArchives method
2018-12-29 14:10:14.054 [http-nio-8081-exec-1] INFO  com.my.blog.website.controller.admin.IndexController - Enter admin index method
2018-12-29 14:10:14.054 [http-nio-8081-exec-1] DEBUG com.my.blog.website.service.impl.SiteServiceImpl - Enter recentComments method:limit=5
2018-12-29 14:10:14.059 [http-nio-8081-exec-1] DEBUG com.my.blog.website.service.impl.SiteServiceImpl - Exit recentComments method
2018-12-29 14:10:14.059 [http-nio-8081-exec-1] DEBUG com.my.blog.website.service.impl.SiteServiceImpl - Enter recentContents method
2018-12-29 14:10:14.063 [http-nio-8081-exec-1] DEBUG com.my.blog.website.service.impl.SiteServiceImpl - Exit recentContents method
2018-12-29 14:10:14.063 [http-nio-8081-exec-1] DEBUG com.my.blog.website.service.impl.SiteServiceImpl - Enter getStatistics method
2018-12-29 14:10:14.071 [http-nio-8081-exec-1] DEBUG com.my.blog.website.service.impl.SiteServiceImpl - Exit getStatistics method
2018-12-29 14:10:14.071 [http-nio-8081-exec-1] DEBUG com.my.blog.website.service.impl.LogServiceImpl - Enter getLogs method:page=1,linit=5
2018-12-29 14:10:14.074 [http-nio-8081-exec-1] DEBUG com.my.blog.website.service.impl.LogServiceImpl - Exit getLogs method
2018-12-29 14:10:14.074 [http-nio-8081-exec-1] INFO  com.my.blog.website.controller.admin.IndexController - Exit admin index method
2018-12-29 14:10:26.740 [http-nio-8081-exec-10] DEBUG com.my.blog.website.service.impl.ContentServiceImpl - Enter getContents method
2018-12-29 14:10:26.751 [http-nio-8081-exec-10] DEBUG com.my.blog.website.service.impl.ContentServiceImpl - Exit getContents method
2018-12-29 14:11:19.351 [http-nio-8081-exec-6] ERROR com.my.blog.website.controller.GlobalExceptionHandler - find exception:e=query content by id and return is not one
2018-12-29 14:14:13.641 [http-nio-8081-exec-9] ERROR com.my.blog.website.controller.GlobalExceptionHandler - find exception:e=query content by id and return is not one
2018-12-29 14:15:59.526 [http-nio-8081-exec-5] DEBUG com.my.blog.website.service.impl.SiteServiceImpl - Enter getArchives method
2018-12-29 14:15:59.543 [http-nio-8081-exec-5] DEBUG com.my.blog.website.service.impl.SiteServiceImpl - Exit getArchives method
2018-12-29 14:16:06.355 [http-nio-8081-exec-6] DEBUG com.my.blog.website.service.impl.SiteServiceImpl - Enter getArchives method
2018-12-29 14:16:06.377 [http-nio-8081-exec-6] DEBUG com.my.blog.website.service.impl.SiteServiceImpl - Exit getArchives method
2019-01-05 14:32:52.276 [http-nio-8081-exec-1] DEBUG com.my.blog.website.service.impl.ContentServiceImpl - Enter getContents method
2019-01-05 14:32:52.415 [http-nio-8081-exec-1] DEBUG com.my.blog.website.service.impl.ContentServiceImpl - Exit getContents method
2019-01-05 14:33:05.466 [http-nio-8081-exec-6] INFO  com.my.blog.website.controller.admin.IndexController - Enter admin index method
2019-01-05 14:33:05.467 [http-nio-8081-exec-6] DEBUG com.my.blog.website.service.impl.SiteServiceImpl - Enter recentComments method:limit=5
2019-01-05 14:33:05.470 [http-nio-8081-exec-6] DEBUG com.my.blog.website.service.impl.SiteServiceImpl - Exit recentComments method
2019-01-05 14:33:05.470 [http-nio-8081-exec-6] DEBUG com.my.blog.website.service.impl.SiteServiceImpl - Enter recentContents method
2019-01-05 14:33:05.476 [http-nio-8081-exec-6] DEBUG com.my.blog.website.service.impl.SiteServiceImpl - Exit recentContents method
2019-01-05 14:33:05.476 [http-nio-8081-exec-6] DEBUG com.my.blog.website.service.impl.SiteServiceImpl - Enter getStatistics method
2019-01-05 14:33:05.492 [http-nio-8081-exec-6] DEBUG com.my.blog.website.service.impl.SiteServiceImpl - Exit getStatistics method
2019-01-05 14:33:05.493 [http-nio-8081-exec-6] DEBUG com.my.blog.website.service.impl.LogServiceImpl - Enter getLogs method:page=1,linit=5
2019-01-05 14:33:05.499 [http-nio-8081-exec-6] DEBUG com.my.blog.website.service.impl.LogServiceImpl - Exit getLogs method
2019-01-05 14:33:05.499 [http-nio-8081-exec-6] INFO  com.my.blog.website.controller.admin.IndexController - Exit admin index method
2019-01-05 14:33:08.546 [http-nio-8081-exec-7] DEBUG com.my.blog.website.service.impl.ContentServiceImpl - Enter getContents method
2019-01-05 14:33:08.562 [http-nio-8081-exec-7] DEBUG com.my.blog.website.service.impl.ContentServiceImpl - Exit getContents method
2019-01-05 14:34:53.512 [http-nio-8081-exec-4] DEBUG com.my.blog.website.service.impl.ContentServiceImpl - Enter getContents method
2019-01-05 14:34:53.524 [http-nio-8081-exec-4] DEBUG com.my.blog.website.service.impl.ContentServiceImpl - Exit getContents method
2019-01-05 14:36:10.530 [http-nio-8081-exec-9] DEBUG com.my.blog.website.service.impl.ContentServiceImpl - Enter getContents method
2019-01-05 14:36:10.544 [http-nio-8081-exec-9] DEBUG com.my.blog.website.service.impl.ContentServiceImpl - Exit getContents method
2019-01-05 14:36:16.134 [http-nio-8081-exec-9] DEBUG com.my.blog.website.service.impl.ContentServiceImpl - Enter getContents method
2019-01-05 14:36:16.138 [http-nio-8081-exec-9] DEBUG com.my.blog.website.service.impl.ContentServiceImpl - Exit getContents method
2019-01-05 14:36:17.120 [http-nio-8081-exec-9] DEBUG com.my.blog.website.service.impl.ContentServiceImpl - Enter getContents method
2019-01-05 14:36:17.130 [http-nio-8081-exec-9] DEBUG com.my.blog.website.service.impl.ContentServiceImpl - Exit getContents method
2019-01-05 14:38:08.945 [http-nio-8081-exec-6] DEBUG com.my.blog.website.service.impl.ContentServiceImpl - Enter getContents method
2019-01-05 14:38:08.949 [http-nio-8081-exec-6] DEBUG com.my.blog.website.service.impl.ContentServiceImpl - Exit getContents method
2019-01-05 14:38:11.731 [http-nio-8081-exec-1] DEBUG com.my.blog.website.service.impl.ContentServiceImpl - Enter getContents method
2019-01-05 14:38:11.735 [http-nio-8081-exec-1] DEBUG com.my.blog.website.service.impl.ContentServiceImpl - Exit getContents method
2019-01-05 14:39:02.710 [http-nio-8081-exec-6] DEBUG com.my.blog.website.service.impl.ContentServiceImpl - Enter getContents method
2019-01-05 14:39:02.714 [http-nio-8081-exec-6] DEBUG com.my.blog.website.service.impl.ContentServiceImpl - Exit getContents method
2019-01-05 14:39:04.397 [http-nio-8081-exec-8] DEBUG com.my.blog.website.service.impl.ContentServiceImpl - Enter getContents method
2019-01-05 14:39:04.401 [http-nio-8081-exec-8] DEBUG com.my.blog.website.service.impl.ContentServiceImpl - Exit getContents method
2019-01-05 14:39:19.860 [http-nio-8081-exec-8] DEBUG com.my.blog.website.service.impl.ContentServiceImpl - Enter getContents method
2019-01-05 14:39:19.871 [http-nio-8081-exec-8] DEBUG com.my.blog.website.service.impl.ContentServiceImpl - Exit getContents method
2019-01-05 14:39:24.399 [http-nio-8081-exec-8] DEBUG com.my.blog.website.service.impl.ContentServiceImpl - Enter getContents method
2019-01-05 14:39:24.406 [http-nio-8081-exec-8] DEBUG com.my.blog.website.service.impl.ContentServiceImpl - Exit getContents method
2019-01-05 14:39:31.993 [http-nio-8081-exec-8] DEBUG com.my.blog.website.service.impl.ContentServiceImpl - Enter getContents method
2019-01-05 14:39:32.012 [http-nio-8081-exec-8] DEBUG com.my.blog.website.service.impl.ContentServiceImpl - Exit getContents method
2019-01-05 14:39:32.853 [http-nio-8081-exec-8] DEBUG com.my.blog.website.service.impl.ContentServiceImpl - Enter getContents method
2019-01-05 14:39:32.860 [http-nio-8081-exec-8] DEBUG com.my.blog.website.service.impl.ContentServiceImpl - Exit getContents method
2019-01-05 14:39:36.833 [http-nio-8081-exec-8] DEBUG com.my.blog.website.service.impl.ContentServiceImpl - Enter getContents method
2019-01-05 14:39:36.836 [http-nio-8081-exec-8] DEBUG com.my.blog.website.service.impl.ContentServiceImpl - Exit getContents method
2019-01-05 14:39:42.637 [http-nio-8081-exec-8] DEBUG com.my.blog.website.service.impl.ContentServiceImpl - Enter getContents method
2019-01-05 14:39:42.648 [http-nio-8081-exec-8] DEBUG com.my.blog.website.service.impl.ContentServiceImpl - Exit getContents method
2019-01-05 14:39:43.696 [http-nio-8081-exec-8] DEBUG com.my.blog.website.service.impl.ContentServiceImpl - Enter getContents method
2019-01-05 14:39:43.702 [http-nio-8081-exec-8] DEBUG com.my.blog.website.service.impl.ContentServiceImpl - Exit getContents method
2019-01-05 14:39:46.913 [http-nio-8081-exec-8] DEBUG com.my.blog.website.service.impl.ContentServiceImpl - Enter getContents method
2019-01-05 14:39:46.917 [http-nio-8081-exec-8] DEBUG com.my.blog.website.service.impl.ContentServiceImpl - Exit getContents method
2019-01-05 14:39:48.806 [http-nio-8081-exec-1] DEBUG com.my.blog.website.service.impl.ContentServiceImpl - Enter getContents method
2019-01-05 14:39:48.809 [http-nio-8081-exec-1] DEBUG com.my.blog.website.service.impl.ContentServiceImpl - Exit getContents method
2019-01-05 14:39:51.363 [http-nio-8081-exec-6] DEBUG com.my.blog.website.service.impl.ContentServiceImpl - Enter getContents method
2019-01-05 14:39:51.366 [http-nio-8081-exec-6] DEBUG com.my.blog.website.service.impl.ContentServiceImpl - Exit getContents method
2019-01-05 14:39:54.036 [http-nio-8081-exec-8] DEBUG com.my.blog.website.service.impl.ContentServiceImpl - Enter getContents method
2019-01-05 14:39:54.040 [http-nio-8081-exec-8] DEBUG com.my.blog.website.service.impl.ContentServiceImpl - Exit getContents method
2019-01-05 14:40:00.915 [http-nio-8081-exec-1] DEBUG com.my.blog.website.service.impl.ContentServiceImpl - Enter getContents method
2019-01-05 14:40:00.923 [http-nio-8081-exec-1] DEBUG com.my.blog.website.service.impl.ContentServiceImpl - Exit getContents method
2019-01-05 14:40:01.659 [http-nio-8081-exec-1] DEBUG com.my.blog.website.service.impl.ContentServiceImpl - Enter getContents method
2019-01-05 14:40:01.663 [http-nio-8081-exec-1] DEBUG com.my.blog.website.service.impl.ContentServiceImpl - Exit getContents method
2019-01-05 14:40:08.677 [http-nio-8081-exec-1] DEBUG com.my.blog.website.service.impl.ContentServiceImpl - Enter getContents method
2019-01-05 14:40:08.685 [http-nio-8081-exec-1] DEBUG com.my.blog.website.service.impl.ContentServiceImpl - Exit getContents method
2019-01-05 14:40:11.172 [http-nio-8081-exec-1] INFO  com.my.blog.website.controller.admin.IndexController - Enter admin index method
2019-01-05 14:40:11.172 [http-nio-8081-exec-1] DEBUG com.my.blog.website.service.impl.SiteServiceImpl - Enter recentComments method:limit=5
2019-01-05 14:40:11.173 [http-nio-8081-exec-1] DEBUG com.my.blog.website.service.impl.SiteServiceImpl - Exit recentComments method
2019-01-05 14:40:11.173 [http-nio-8081-exec-1] DEBUG com.my.blog.website.service.impl.SiteServiceImpl - Enter recentContents method
2019-01-05 14:40:11.176 [http-nio-8081-exec-1] DEBUG com.my.blog.website.service.impl.SiteServiceImpl - Exit recentContents method
2019-01-05 14:40:11.176 [http-nio-8081-exec-1] DEBUG com.my.blog.website.service.impl.SiteServiceImpl - Enter getStatistics method
2019-01-05 14:40:11.182 [http-nio-8081-exec-1] DEBUG com.my.blog.website.service.impl.SiteServiceImpl - Exit getStatistics method
2019-01-05 14:40:11.182 [http-nio-8081-exec-1] DEBUG com.my.blog.website.service.impl.LogServiceImpl - Enter getLogs method:page=1,linit=5
2019-01-05 14:40:11.187 [http-nio-8081-exec-1] DEBUG com.my.blog.website.service.impl.LogServiceImpl - Exit getLogs method
2019-01-05 14:40:11.187 [http-nio-8081-exec-1] INFO  com.my.blog.website.controller.admin.IndexController - Exit admin index method
2019-01-05 14:40:12.368 [http-nio-8081-exec-10] DEBUG com.my.blog.website.service.impl.ContentServiceImpl - Enter getContents method
2019-01-05 14:40:12.377 [http-nio-8081-exec-10] DEBUG com.my.blog.website.service.impl.ContentServiceImpl - Exit getContents method
2019-01-05 14:40:16.447 [http-nio-8081-exec-10] DEBUG com.my.blog.website.service.impl.ContentServiceImpl - Enter getContents method
2019-01-05 14:40:16.455 [http-nio-8081-exec-10] DEBUG com.my.blog.website.service.impl.ContentServiceImpl - Exit getContents method
2019-01-05 14:40:17.093 [http-nio-8081-exec-10] DEBUG com.my.blog.website.service.impl.ContentServiceImpl - Enter getContents method
2019-01-05 14:40:17.106 [http-nio-8081-exec-10] DEBUG com.my.blog.website.service.impl.ContentServiceImpl - Exit getContents method
2019-01-05 14:40:25.985 [http-nio-8081-exec-10] DEBUG com.my.blog.website.service.impl.ContentServiceImpl - Enter getContents method
2019-01-05 14:40:25.989 [http-nio-8081-exec-10] DEBUG com.my.blog.website.service.impl.ContentServiceImpl - Exit getContents method
2019-01-05 14:40:31.349 [http-nio-8081-exec-7] DEBUG com.my.blog.website.service.impl.ContentServiceImpl - Enter getContents method
2019-01-05 14:40:31.354 [http-nio-8081-exec-7] DEBUG com.my.blog.website.service.impl.ContentServiceImpl - Exit getContents method
2019-01-05 14:40:38.414 [http-nio-8081-exec-3] DEBUG com.my.blog.website.service.impl.ContentServiceImpl - Enter getContents method
2019-01-05 14:40:38.419 [http-nio-8081-exec-3] DEBUG com.my.blog.website.service.impl.ContentServiceImpl - Exit getContents method
2019-01-05 14:40:39.026 [http-nio-8081-exec-6] DEBUG com.my.blog.website.service.impl.ContentServiceImpl - Enter getContents method
2019-01-05 14:40:39.034 [http-nio-8081-exec-6] DEBUG com.my.blog.website.service.impl.ContentServiceImpl - Exit getContents method
2019-01-05 14:40:39.264 [http-nio-8081-exec-5] DEBUG com.my.blog.website.service.impl.ContentServiceImpl - Enter getContents method
2019-01-05 14:40:39.268 [http-nio-8081-exec-5] DEBUG com.my.blog.website.service.impl.ContentServiceImpl - Exit getContents method
2019-01-05 14:40:39.482 [http-nio-8081-exec-7] DEBUG com.my.blog.website.service.impl.ContentServiceImpl - Enter getContents method
2019-01-05 14:40:39.486 [http-nio-8081-exec-7] DEBUG com.my.blog.website.service.impl.ContentServiceImpl - Exit getContents method
2019-01-05 14:40:42.589 [http-nio-8081-exec-1] DEBUG com.my.blog.website.service.impl.ContentServiceImpl - Enter getContents method
2019-01-05 14:40:42.592 [http-nio-8081-exec-1] DEBUG com.my.blog.website.service.impl.ContentServiceImpl - Exit getContents method
2019-01-05 14:40:45.035 [http-nio-8081-exec-8] DEBUG com.my.blog.website.service.impl.ContentServiceImpl - Enter getContents method
2019-01-05 14:40:45.038 [http-nio-8081-exec-8] DEBUG com.my.blog.website.service.impl.ContentServiceImpl - Exit getContents method
2019-01-05 14:41:12.264 [http-nio-8081-exec-7] DEBUG com.my.blog.website.service.impl.ContentServiceImpl - Enter getContents method
2019-01-05 14:41:12.273 [http-nio-8081-exec-7] DEBUG com.my.blog.website.service.impl.ContentServiceImpl - Exit getContents method
2019-01-05 14:41:12.769 [http-nio-8081-exec-8] DEBUG com.my.blog.website.service.impl.ContentServiceImpl - Enter getContents method
2019-01-05 14:41:12.779 [http-nio-8081-exec-8] DEBUG com.my.blog.website.service.impl.ContentServiceImpl - Exit getContents method
2019-01-05 14:41:17.295 [http-nio-8081-exec-8] DEBUG com.my.blog.website.service.impl.ContentServiceImpl - Enter getContents method
2019-01-05 14:41:17.301 [http-nio-8081-exec-8] DEBUG com.my.blog.website.service.impl.ContentServiceImpl - Exit getContents method
2019-01-05 14:41:26.046 [http-nio-8081-exec-4] DEBUG com.my.blog.website.service.impl.ContentServiceImpl - Enter getContents method
2019-01-05 14:41:26.064 [http-nio-8081-exec-4] DEBUG com.my.blog.website.service.impl.ContentServiceImpl - Exit getContents method
2019-01-05 14:41:26.990 [http-nio-8081-exec-4] DEBUG com.my.blog.website.service.impl.ContentServiceImpl - Enter getContents method
2019-01-05 14:41:26.999 [http-nio-8081-exec-4] DEBUG com.my.blog.website.service.impl.ContentServiceImpl - Exit getContents method
2019-01-05 14:41:28.962 [http-nio-8081-exec-4] DEBUG com.my.blog.website.service.impl.ContentServiceImpl - Enter getContents method
2019-01-05 14:41:28.965 [http-nio-8081-exec-4] DEBUG com.my.blog.website.service.impl.ContentServiceImpl - Exit getContents method
2019-01-05 14:41:34.222 [http-nio-8081-exec-1] DEBUG com.my.blog.website.service.impl.ContentServiceImpl - Enter getContents method
2019-01-05 14:41:34.230 [http-nio-8081-exec-1] DEBUG com.my.blog.website.service.impl.ContentServiceImpl - Exit getContents method
2019-01-05 14:41:36.108 [http-nio-8081-exec-8] DEBUG com.my.blog.website.service.impl.ContentServiceImpl - Enter getContents method
2019-01-05 14:41:36.112 [http-nio-8081-exec-8] DEBUG com.my.blog.website.service.impl.ContentServiceImpl - Exit getContents method
2019-01-05 14:41:41.299 [http-nio-8081-exec-9] DEBUG com.my.blog.website.service.impl.ContentServiceImpl - Enter getContents method
2019-01-05 14:41:41.308 [http-nio-8081-exec-9] DEBUG com.my.blog.website.service.impl.ContentServiceImpl - Exit getContents method
2019-01-05 14:41:42.011 [http-nio-8081-exec-9] DEBUG com.my.blog.website.service.impl.ContentServiceImpl - Enter getContents method
2019-01-05 14:41:42.015 [http-nio-8081-exec-9] DEBUG com.my.blog.website.service.impl.ContentServiceImpl - Exit getContents method
2019-01-05 14:41:42.571 [http-nio-8081-exec-9] DEBUG com.my.blog.website.service.impl.ContentServiceImpl - Enter getContents method
2019-01-05 14:41:42.581 [http-nio-8081-exec-9] DEBUG com.my.blog.website.service.impl.ContentServiceImpl - Exit getContents method
2019-01-05 14:41:53.027 [http-nio-8081-exec-9] DEBUG com.my.blog.website.service.impl.ContentServiceImpl - Enter getContents method
2019-01-05 14:41:53.035 [http-nio-8081-exec-9] DEBUG com.my.blog.website.service.impl.ContentServiceImpl - Exit getContents method
2019-01-05 14:41:56.864 [http-nio-8081-exec-4] DEBUG com.my.blog.website.service.impl.ContentServiceImpl - Enter getContents method
2019-01-05 14:41:56.868 [http-nio-8081-exec-4] DEBUG com.my.blog.website.service.impl.ContentServiceImpl - Exit getContents method
2019-01-05 14:42:00.041 [http-nio-8081-exec-1] DEBUG com.my.blog.website.service.impl.ContentServiceImpl - Enter getContents method
2019-01-05 14:42:00.048 [http-nio-8081-exec-1] DEBUG com.my.blog.website.service.impl.ContentServiceImpl - Exit getContents method
2019-01-05 14:42:02.515 [http-nio-8081-exec-2] DEBUG com.my.blog.website.service.impl.ContentServiceImpl - Enter getContents method
2019-01-05 14:42:02.518 [http-nio-8081-exec-2] DEBUG com.my.blog.website.service.impl.ContentServiceImpl - Exit getContents method
2019-01-05 14:42:19.115 [http-nio-8081-exec-4] DEBUG com.my.blog.website.service.impl.ContentServiceImpl - Enter getContents method
2019-01-05 14:42:19.130 [http-nio-8081-exec-4] DEBUG com.my.blog.website.service.impl.ContentServiceImpl - Exit getContents method
2019-01-05 14:42:29.229 [http-nio-8081-exec-4] DEBUG com.my.blog.website.service.impl.ContentServiceImpl - Enter getContents method
2019-01-05 14:42:29.235 [http-nio-8081-exec-4] DEBUG com.my.blog.website.service.impl.ContentServiceImpl - Exit getContents method
2019-01-05 14:42:34.737 [http-nio-8081-exec-1] DEBUG com.my.blog.website.service.impl.ContentServiceImpl - Enter getContents method
2019-01-05 14:42:34.741 [http-nio-8081-exec-1] DEBUG com.my.blog.website.service.impl.ContentServiceImpl - Exit getContents method
2019-01-05 14:42:43.879 [http-nio-8081-exec-3] DEBUG com.my.blog.website.service.impl.ContentServiceImpl - Enter getContents method
2019-01-05 14:42:43.890 [http-nio-8081-exec-3] DEBUG com.my.blog.website.service.impl.ContentServiceImpl - Exit getContents method
2019-01-05 14:43:01.959 [http-nio-8081-exec-9] DEBUG com.my.blog.website.service.impl.ContentServiceImpl - Enter getContents method
2019-01-05 14:43:01.968 [http-nio-8081-exec-9] DEBUG com.my.blog.website.service.impl.ContentServiceImpl - Exit getContents method
2019-01-05 14:43:11.094 [http-nio-8081-exec-1] DEBUG com.my.blog.website.service.impl.ContentServiceImpl - Enter getContents method
2019-01-05 14:43:11.100 [http-nio-8081-exec-1] DEBUG com.my.blog.website.service.impl.ContentServiceImpl - Exit getContents method
2019-01-05 14:43:21.893 [http-nio-8081-exec-7] DEBUG com.my.blog.website.service.impl.ContentServiceImpl - Enter getContents method
2019-01-05 14:43:21.904 [http-nio-8081-exec-7] DEBUG com.my.blog.website.service.impl.ContentServiceImpl - Exit getContents method
2019-01-05 14:43:27.402 [http-nio-8081-exec-2] DEBUG com.my.blog.website.service.impl.ContentServiceImpl - Enter getContents method
2019-01-05 14:43:27.404 [http-nio-8081-exec-2] DEBUG com.my.blog.website.service.impl.ContentServiceImpl - Exit getContents method
2019-01-05 14:43:28.742 [http-nio-8081-exec-3] DEBUG com.my.blog.website.service.impl.ContentServiceImpl - Enter getContents method
2019-01-05 14:43:28.747 [http-nio-8081-exec-3] DEBUG com.my.blog.website.service.impl.ContentServiceImpl - Exit getContents method
2019-01-05 14:43:35.993 [http-nio-8081-exec-7] DEBUG com.my.blog.website.service.impl.ContentServiceImpl - Enter getContents method
2019-01-05 14:43:35.999 [http-nio-8081-exec-7] DEBUG com.my.blog.website.service.impl.ContentServiceImpl - Exit getContents method
2019-01-05 14:43:42.019 [http-nio-8081-exec-4] DEBUG com.my.blog.website.service.impl.ContentServiceImpl - Enter getContents method
2019-01-05 14:43:42.021 [http-nio-8081-exec-4] DEBUG com.my.blog.website.service.impl.ContentServiceImpl - Exit getContents method
2019-01-05 14:43:42.371 [http-nio-8081-exec-4] DEBUG com.my.blog.website.service.impl.ContentServiceImpl - Enter getContents method
2019-01-05 14:43:42.376 [http-nio-8081-exec-4] DEBUG com.my.blog.website.service.impl.ContentServiceImpl - Exit getContents method
2019-01-05 14:43:49.820 [http-nio-8081-exec-2] DEBUG com.my.blog.website.service.impl.ContentServiceImpl - Enter getContents method
2019-01-05 14:43:49.822 [http-nio-8081-exec-2] DEBUG com.my.blog.website.service.impl.ContentServiceImpl - Exit getContents method
2019-01-05 14:43:51.170 [http-nio-8081-exec-8] DEBUG com.my.blog.website.service.impl.ContentServiceImpl - Enter getContents method
2019-01-05 14:43:51.174 [http-nio-8081-exec-8] DEBUG com.my.blog.website.service.impl.ContentServiceImpl - Exit getContents method
2019-01-05 14:43:52.306 [http-nio-8081-exec-6] DEBUG com.my.blog.website.service.impl.ContentServiceImpl - Enter getContents method
2019-01-05 14:43:52.308 [http-nio-8081-exec-6] DEBUG com.my.blog.website.service.impl.ContentServiceImpl - Exit getContents method
2019-01-05 14:43:53.681 [http-nio-8081-exec-1] DEBUG com.my.blog.website.service.impl.ContentServiceImpl - Enter getContents method
2019-01-05 14:43:53.684 [http-nio-8081-exec-1] DEBUG com.my.blog.website.service.impl.ContentServiceImpl - Exit getContents method
2019-01-05 14:43:55.109 [http-nio-8081-exec-2] DEBUG com.my.blog.website.service.impl.ContentServiceImpl - Enter getContents method
2019-01-05 14:43:55.121 [http-nio-8081-exec-2] DEBUG com.my.blog.website.service.impl.ContentServiceImpl - Exit getContents method
2019-01-05 14:43:56.203 [http-nio-8081-exec-3] DEBUG com.my.blog.website.service.impl.ContentServiceImpl - Enter getContents method
2019-01-05 14:43:56.212 [http-nio-8081-exec-3] DEBUG com.my.blog.website.service.impl.ContentServiceImpl - Exit getContents method
2019-01-05 14:43:59.084 [http-nio-8081-exec-7] DEBUG com.my.blog.website.service.impl.ContentServiceImpl - Enter getContents method
2019-01-05 14:43:59.093 [http-nio-8081-exec-7] DEBUG com.my.blog.website.service.impl.ContentServiceImpl - Exit getContents method
2019-01-05 14:44:00.046 [http-nio-8081-exec-7] DEBUG com.my.blog.website.service.impl.ContentServiceImpl - Enter getContents method
2019-01-05 14:44:00.049 [http-nio-8081-exec-7] DEBUG com.my.blog.website.service.impl.ContentServiceImpl - Exit getContents method
2019-01-05 14:44:00.527 [http-nio-8081-exec-7] DEBUG com.my.blog.website.service.impl.ContentServiceImpl - Enter getContents method
2019-01-05 14:44:00.534 [http-nio-8081-exec-7] DEBUG com.my.blog.website.service.impl.ContentServiceImpl - Exit getContents method
2019-01-05 14:44:00.826 [http-nio-8081-exec-7] DEBUG com.my.blog.website.service.impl.ContentServiceImpl - Enter getContents method
2019-01-05 14:44:00.831 [http-nio-8081-exec-7] DEBUG com.my.blog.website.service.impl.ContentServiceImpl - Exit getContents method
2019-01-05 14:44:01.458 [http-nio-8081-exec-1] DEBUG com.my.blog.website.service.impl.ContentServiceImpl - Enter getContents method
2019-01-05 14:44:01.462 [http-nio-8081-exec-1] DEBUG com.my.blog.website.service.impl.ContentServiceImpl - Exit getContents method
2019-01-05 14:44:03.855 [http-nio-8081-exec-5] DEBUG com.my.blog.website.service.impl.ContentServiceImpl - Enter getContents method
2019-01-05 14:44:03.858 [http-nio-8081-exec-5] DEBUG com.my.blog.website.service.impl.ContentServiceImpl - Exit getContents method
2019-01-05 14:44:09.657 [http-nio-8081-exec-2] DEBUG com.my.blog.website.service.impl.ContentServiceImpl - Enter getContents method
2019-01-05 14:44:09.660 [http-nio-8081-exec-2] DEBUG com.my.blog.website.service.impl.ContentServiceImpl - Exit getContents method
2019-01-05 14:44:13.841 [http-nio-8081-exec-7] DEBUG com.my.blog.website.service.impl.ContentServiceImpl - Enter getContents method
2019-01-05 14:44:13.845 [http-nio-8081-exec-7] DEBUG com.my.blog.website.service.impl.ContentServiceImpl - Exit getContents method
2019-01-05 14:44:16.742 [http-nio-8081-exec-6] DEBUG com.my.blog.website.service.impl.ContentServiceImpl - Enter getContents method
2019-01-05 14:44:16.745 [http-nio-8081-exec-6] DEBUG com.my.blog.website.service.impl.ContentServiceImpl - Exit getContents method
2019-01-05 14:44:35.117 [http-nio-8081-exec-4] DEBUG com.my.blog.website.service.impl.ContentServiceImpl - Enter getContents method
2019-01-05 14:44:35.125 [http-nio-8081-exec-4] DEBUG com.my.blog.website.service.impl.ContentServiceImpl - Exit getContents method
2019-01-05 14:44:36.321 [http-nio-8081-exec-4] DEBUG com.my.blog.website.service.impl.ContentServiceImpl - Enter getContents method
2019-01-05 14:44:36.327 [http-nio-8081-exec-4] DEBUG com.my.blog.website.service.impl.ContentServiceImpl - Exit getContents method
2019-01-05 14:44:37.918 [http-nio-8081-exec-10] DEBUG com.my.blog.website.service.impl.ContentServiceImpl - Enter getContents method
2019-01-05 14:44:37.921 [http-nio-8081-exec-10] DEBUG com.my.blog.website.service.impl.ContentServiceImpl - Exit getContents method
2019-01-05 14:44:39.197 [http-nio-8081-exec-9] DEBUG com.my.blog.website.service.impl.ContentServiceImpl - Enter getContents method
2019-01-05 14:44:39.199 [http-nio-8081-exec-9] DEBUG com.my.blog.website.service.impl.ContentServiceImpl - Exit getContents method
2019-01-05 14:46:23.116 [http-nio-8081-exec-4] DEBUG com.my.blog.website.service.impl.ContentServiceImpl - Enter getContents method
2019-01-05 14:46:23.120 [http-nio-8081-exec-4] DEBUG com.my.blog.website.service.impl.ContentServiceImpl - Exit getContents method
2019-01-05 14:46:23.946 [http-nio-8081-exec-4] DEBUG com.my.blog.website.service.impl.ContentServiceImpl - Enter getContents method
2019-01-05 14:46:23.951 [http-nio-8081-exec-4] DEBUG com.my.blog.website.service.impl.ContentServiceImpl - Exit getContents method
2019-01-05 14:46:24.252 [http-nio-8081-exec-4] DEBUG com.my.blog.website.service.impl.ContentServiceImpl - Enter getContents method
2019-01-05 14:46:24.263 [http-nio-8081-exec-4] DEBUG com.my.blog.website.service.impl.ContentServiceImpl - Exit getContents method
2019-01-05 14:46:34.478 [http-nio-8081-exec-6] DEBUG com.my.blog.website.service.impl.ContentServiceImpl - Enter getContents method
2019-01-05 14:46:34.482 [http-nio-8081-exec-6] DEBUG com.my.blog.website.service.impl.ContentServiceImpl - Exit getContents method
2019-01-05 14:46:37.260 [http-nio-8081-exec-2] DEBUG com.my.blog.website.service.impl.ContentServiceImpl - Enter getContents method
2019-01-05 14:46:37.270 [http-nio-8081-exec-2] DEBUG com.my.blog.website.service.impl.ContentServiceImpl - Exit getContents method
2019-01-05 14:46:47.248 [http-nio-8081-exec-3] DEBUG com.my.blog.website.service.impl.ContentServiceImpl - Enter getContents method
2019-01-05 14:46:47.250 [http-nio-8081-exec-3] DEBUG com.my.blog.website.service.impl.ContentServiceImpl - Exit getContents method
2019-01-05 14:46:49.926 [http-nio-8081-exec-7] DEBUG com.my.blog.website.service.impl.ContentServiceImpl - Enter getContents method
2019-01-05 14:46:49.936 [http-nio-8081-exec-7] DEBUG com.my.blog.website.service.impl.ContentServiceImpl - Exit getContents method
2019-01-05 14:46:50.676 [http-nio-8081-exec-7] DEBUG com.my.blog.website.service.impl.ContentServiceImpl - Enter getContents method
2019-01-05 14:46:50.685 [http-nio-8081-exec-7] DEBUG com.my.blog.website.service.impl.ContentServiceImpl - Exit getContents method
2019-01-05 14:46:51.136 [http-nio-8081-exec-7] DEBUG com.my.blog.website.service.impl.ContentServiceImpl - Enter getContents method
2019-01-05 14:46:51.140 [http-nio-8081-exec-7] DEBUG com.my.blog.website.service.impl.ContentServiceImpl - Exit getContents method
2019-01-05 14:46:51.599 [http-nio-8081-exec-7] DEBUG com.my.blog.website.service.impl.ContentServiceImpl - Enter getContents method
2019-01-05 14:46:51.606 [http-nio-8081-exec-7] DEBUG com.my.blog.website.service.impl.ContentServiceImpl - Exit getContents method
2019-01-05 14:46:51.924 [http-nio-8081-exec-7] DEBUG com.my.blog.website.service.impl.ContentServiceImpl - Enter getContents method
2019-01-05 14:46:51.935 [http-nio-8081-exec-7] DEBUG com.my.blog.website.service.impl.ContentServiceImpl - Exit getContents method
2019-01-05 14:46:52.288 [http-nio-8081-exec-7] DEBUG com.my.blog.website.service.impl.ContentServiceImpl - Enter getContents method
2019-01-05 14:46:52.295 [http-nio-8081-exec-7] DEBUG com.my.blog.website.service.impl.ContentServiceImpl - Exit getContents method
2019-01-05 14:46:55.443 [http-nio-8081-exec-5] DEBUG com.my.blog.website.service.impl.ContentServiceImpl - Enter getContents method
2019-01-05 14:46:55.446 [http-nio-8081-exec-5] DEBUG com.my.blog.website.service.impl.ContentServiceImpl - Exit getContents method
2019-01-05 14:47:13.531 [http-nio-8081-exec-2] DEBUG com.my.blog.website.service.impl.ContentServiceImpl - Enter getContents method
2019-01-05 14:47:13.535 [http-nio-8081-exec-2] DEBUG com.my.blog.website.service.impl.ContentServiceImpl - Exit getContents method
2019-01-05 14:47:14.446 [http-nio-8081-exec-2] DEBUG com.my.blog.website.service.impl.ContentServiceImpl - Enter getContents method
2019-01-05 14:47:14.450 [http-nio-8081-exec-2] DEBUG com.my.blog.website.service.impl.ContentServiceImpl - Exit getContents method
2019-01-05 14:47:15.615 [http-nio-8081-exec-2] DEBUG com.my.blog.website.service.impl.ContentServiceImpl - Enter getContents method
2019-01-05 14:47:15.624 [http-nio-8081-exec-2] DEBUG com.my.blog.website.service.impl.ContentServiceImpl - Exit getContents method
2019-01-05 14:47:17.522 [http-nio-8081-exec-1] DEBUG com.my.blog.website.service.impl.ContentServiceImpl - Enter getContents method
2019-01-05 14:47:17.529 [http-nio-8081-exec-1] DEBUG com.my.blog.website.service.impl.ContentServiceImpl - Exit getContents method
2019-01-05 14:47:22.297 [http-nio-8081-exec-6] DEBUG com.my.blog.website.service.impl.ContentServiceImpl - Enter getContents method
2019-01-05 14:47:22.300 [http-nio-8081-exec-6] DEBUG com.my.blog.website.service.impl.ContentServiceImpl - Exit getContents method
2019-01-05 14:47:24.239 [http-nio-8081-exec-7] DEBUG com.my.blog.website.service.impl.ContentServiceImpl - Enter getContents method
2019-01-05 14:47:24.242 [http-nio-8081-exec-7] DEBUG com.my.blog.website.service.impl.ContentServiceImpl - Exit getContents method
2019-01-05 14:47:30.259 [http-nio-8081-exec-10] DEBUG com.my.blog.website.service.impl.ContentServiceImpl - Enter getContents method
2019-01-05 14:47:30.264 [http-nio-8081-exec-10] DEBUG com.my.blog.website.service.impl.ContentServiceImpl - Exit getContents method
2019-01-05 14:47:32.219 [http-nio-8081-exec-2] DEBUG com.my.blog.website.service.impl.ContentServiceImpl - Enter getContents method
2019-01-05 14:47:32.222 [http-nio-8081-exec-2] DEBUG com.my.blog.website.service.impl.ContentServiceImpl - Exit getContents method
2019-01-05 14:47:32.906 [http-nio-8081-exec-2] DEBUG com.my.blog.website.service.impl.ContentServiceImpl - Enter getContents method
2019-01-05 14:47:32.909 [http-nio-8081-exec-2] DEBUG com.my.blog.website.service.impl.ContentServiceImpl - Exit getContents method
2019-01-05 14:47:33.458 [http-nio-8081-exec-2] DEBUG com.my.blog.website.service.impl.ContentServiceImpl - Enter getContents method
2019-01-05 14:47:33.461 [http-nio-8081-exec-2] DEBUG com.my.blog.website.service.impl.ContentServiceImpl - Exit getContents method
2019-01-05 14:47:36.417 [http-nio-8081-exec-10] DEBUG com.my.blog.website.service.impl.ContentServiceImpl - Enter getContents method
2019-01-05 14:47:36.419 [http-nio-8081-exec-10] DEBUG com.my.blog.website.service.impl.ContentServiceImpl - Exit getContents method
2019-01-05 14:47:43.869 [http-nio-8081-exec-1] DEBUG com.my.blog.website.service.impl.ContentServiceImpl - Enter getContents method
2019-01-05 14:47:43.872 [http-nio-8081-exec-1] DEBUG com.my.blog.website.service.impl.ContentServiceImpl - Exit getContents method
2019-01-05 14:47:45.880 [http-nio-8081-exec-9] DEBUG com.my.blog.website.service.impl.ContentServiceImpl - Enter getContents method
2019-01-05 14:47:45.882 [http-nio-8081-exec-9] DEBUG com.my.blog.website.service.impl.ContentServiceImpl - Exit getContents method
2019-01-05 14:47:55.583 [http-nio-8081-exec-8] DEBUG com.my.blog.website.service.impl.ContentServiceImpl - Enter getContents method
2019-01-05 14:47:55.587 [http-nio-8081-exec-8] DEBUG com.my.blog.website.service.impl.ContentServiceImpl - Exit getContents method
2019-01-05 14:47:56.312 [http-nio-8081-exec-8] DEBUG com.my.blog.website.service.impl.ContentServiceImpl - Enter getContents method
2019-01-05 14:47:56.318 [http-nio-8081-exec-8] DEBUG com.my.blog.website.service.impl.ContentServiceImpl - Exit getContents method
2019-01-05 14:47:57.046 [http-nio-8081-exec-8] DEBUG com.my.blog.website.service.impl.ContentServiceImpl - Enter getContents method
2019-01-05 14:47:57.050 [http-nio-8081-exec-8] DEBUG com.my.blog.website.service.impl.ContentServiceImpl - Exit getContents method
2019-01-05 14:47:57.305 [http-nio-8081-exec-8] DEBUG com.my.blog.website.service.impl.ContentServiceImpl - Enter getContents method
2019-01-05 14:47:57.322 [http-nio-8081-exec-8] DEBUG com.my.blog.website.service.impl.ContentServiceImpl - Exit getContents method
2019-01-05 14:47:57.702 [http-nio-8081-exec-8] DEBUG com.my.blog.website.service.impl.ContentServiceImpl - Enter getContents method
2019-01-05 14:47:57.715 [http-nio-8081-exec-8] DEBUG com.my.blog.website.service.impl.ContentServiceImpl - Exit getContents method
2019-01-05 14:48:06.983 [http-nio-8081-exec-8] DEBUG com.my.blog.website.service.impl.ContentServiceImpl - Enter getContents method
2019-01-05 14:48:06.990 [http-nio-8081-exec-8] DEBUG com.my.blog.website.service.impl.ContentServiceImpl - Exit getContents method
2019-01-05 14:48:16.516 [http-nio-8081-exec-8] DEBUG com.my.blog.website.service.impl.ContentServiceImpl - Enter getContents method
2019-01-05 14:48:16.525 [http-nio-8081-exec-8] DEBUG com.my.blog.website.service.impl.ContentServiceImpl - Exit getContents method
2019-01-05 14:48:17.673 [http-nio-8081-exec-8] DEBUG com.my.blog.website.service.impl.ContentServiceImpl - Enter getContents method
2019-01-05 14:48:17.679 [http-nio-8081-exec-8] DEBUG com.my.blog.website.service.impl.ContentServiceImpl - Exit getContents method
2019-01-05 14:48:19.074 [http-nio-8081-exec-8] DEBUG com.my.blog.website.service.impl.ContentServiceImpl - Enter getContents method
2019-01-05 14:48:19.076 [http-nio-8081-exec-8] DEBUG com.my.blog.website.service.impl.ContentServiceImpl - Exit getContents method
2019-01-05 14:48:30.655 [http-nio-8081-exec-8] DEBUG com.my.blog.website.service.impl.ContentServiceImpl - Enter getContents method
2019-01-05 14:48:30.661 [http-nio-8081-exec-8] DEBUG com.my.blog.website.service.impl.ContentServiceImpl - Exit getContents method
2019-01-05 14:48:31.302 [http-nio-8081-exec-8] DEBUG com.my.blog.website.service.impl.ContentServiceImpl - Enter getContents method
2019-01-05 14:48:31.307 [http-nio-8081-exec-8] DEBUG com.my.blog.website.service.impl.ContentServiceImpl - Exit getContents method
2019-01-05 14:48:31.492 [http-nio-8081-exec-8] DEBUG com.my.blog.website.service.impl.ContentServiceImpl - Enter getContents method
2019-01-05 14:48:31.499 [http-nio-8081-exec-8] DEBUG com.my.blog.website.service.impl.ContentServiceImpl - Exit getContents method
2019-01-05 14:48:31.865 [http-nio-8081-exec-8] DEBUG com.my.blog.website.service.impl.ContentServiceImpl - Enter getContents method
2019-01-05 14:48:31.878 [http-nio-8081-exec-8] DEBUG com.my.blog.website.service.impl.ContentServiceImpl - Exit getContents method
2019-01-05 14:48:32.248 [http-nio-8081-exec-8] DEBUG com.my.blog.website.service.impl.ContentServiceImpl - Enter getContents method
2019-01-05 14:48:32.257 [http-nio-8081-exec-8] DEBUG com.my.blog.website.service.impl.ContentServiceImpl - Exit getContents method
2019-01-05 14:48:32.637 [http-nio-8081-exec-8] DEBUG com.my.blog.website.service.impl.ContentServiceImpl - Enter getContents method
2019-01-05 14:48:32.640 [http-nio-8081-exec-8] DEBUG com.my.blog.website.service.impl.ContentServiceImpl - Exit getContents method
2019-01-05 14:48:33.004 [http-nio-8081-exec-8] DEBUG com.my.blog.website.service.impl.ContentServiceImpl - Enter getContents method
2019-01-05 14:48:33.018 [http-nio-8081-exec-8] DEBUG com.my.blog.website.service.impl.ContentServiceImpl - Exit getContents method
2019-01-05 14:48:33.352 [http-nio-8081-exec-7] DEBUG com.my.blog.website.service.impl.ContentServiceImpl - Enter getContents method
2019-01-05 14:48:33.365 [http-nio-8081-exec-7] DEBUG com.my.blog.website.service.impl.ContentServiceImpl - Exit getContents method
2019-01-05 14:48:33.799 [http-nio-8081-exec-7] DEBUG com.my.blog.website.service.impl.ContentServiceImpl - Enter getContents method
2019-01-05 14:48:33.806 [http-nio-8081-exec-7] DEBUG com.my.blog.website.service.impl.ContentServiceImpl - Exit getContents method
2019-01-05 14:48:37.569 [http-nio-8081-exec-1] DEBUG com.my.blog.website.service.impl.ContentServiceImpl - Enter getContents method
2019-01-05 14:48:37.572 [http-nio-8081-exec-1] DEBUG com.my.blog.website.service.impl.ContentServiceImpl - Exit getContents method
2019-01-05 14:48:38.706 [http-nio-8081-exec-1] DEBUG com.my.blog.website.service.impl.ContentServiceImpl - Enter getContents method
2019-01-05 14:48:38.711 [http-nio-8081-exec-1] DEBUG com.my.blog.website.service.impl.ContentServiceImpl - Exit getContents method
2019-01-05 14:48:54.892 [http-nio-8081-exec-4] DEBUG com.my.blog.website.service.impl.ContentServiceImpl - Enter getContents method
2019-01-05 14:48:54.895 [http-nio-8081-exec-4] DEBUG com.my.blog.website.service.impl.ContentServiceImpl - Exit getContents method
2019-01-05 14:49:05.060 [http-nio-8081-exec-3] DEBUG com.my.blog.website.service.impl.ContentServiceImpl - Enter getContents method
2019-01-05 14:49:05.069 [http-nio-8081-exec-3] DEBUG com.my.blog.website.service.impl.ContentServiceImpl - Exit getContents method
2019-01-05 14:49:13.044 [http-nio-8081-exec-5] DEBUG com.my.blog.website.service.impl.ContentServiceImpl - Enter getContents method
2019-01-05 14:49:13.053 [http-nio-8081-exec-5] DEBUG com.my.blog.website.service.impl.ContentServiceImpl - Exit getContents method
2019-01-05 14:49:14.304 [http-nio-8081-exec-8] DEBUG com.my.blog.website.service.impl.ContentServiceImpl - Enter getContents method
2019-01-05 14:49:14.309 [http-nio-8081-exec-8] DEBUG com.my.blog.website.service.impl.ContentServiceImpl - Exit getContents method
2019-01-05 14:50:12.436 [http-nio-8081-exec-7] DEBUG com.my.blog.website.service.impl.ContentServiceImpl - Enter getContents method
2019-01-05 14:50:12.444 [http-nio-8081-exec-7] DEBUG com.my.blog.website.service.impl.ContentServiceImpl - Exit getContents method
2019-01-05 14:50:14.383 [http-nio-8081-exec-10] DEBUG com.my.blog.website.service.impl.ContentServiceImpl - Enter getContents method
2019-01-05 14:50:14.388 [http-nio-8081-exec-10] DEBUG com.my.blog.website.service.impl.ContentServiceImpl - Exit getContents method
2019-01-05 14:50:15.035 [http-nio-8081-exec-3] DEBUG com.my.blog.website.service.impl.ContentServiceImpl - Enter getContents method
2019-01-05 14:50:15.037 [http-nio-8081-exec-3] DEBUG com.my.blog.website.service.impl.ContentServiceImpl - Exit getContents method
2019-01-05 14:50:15.273 [http-nio-8081-exec-4] DEBUG com.my.blog.website.service.impl.ContentServiceImpl - Enter getContents method
2019-01-05 14:50:15.283 [http-nio-8081-exec-4] DEBUG com.my.blog.website.service.impl.ContentServiceImpl - Exit getContents method
2019-01-05 14:50:15.703 [http-nio-8081-exec-7] DEBUG com.my.blog.website.service.impl.ContentServiceImpl - Enter getContents method
2019-01-05 14:50:15.712 [http-nio-8081-exec-7] DEBUG com.my.blog.website.service.impl.ContentServiceImpl - Exit getContents method
2019-01-05 14:50:16.866 [http-nio-8081-exec-10] DEBUG com.my.blog.website.service.impl.ContentServiceImpl - Enter getContents method
2019-01-05 14:50:16.869 [http-nio-8081-exec-10] DEBUG com.my.blog.website.service.impl.ContentServiceImpl - Exit getContents method
2019-01-05 14:50:39.394 [http-nio-8081-exec-3] DEBUG com.my.blog.website.service.impl.ContentServiceImpl - Enter getContents method
2019-01-05 14:50:39.397 [http-nio-8081-exec-3] DEBUG com.my.blog.website.service.impl.ContentServiceImpl - Exit getContents method
2019-01-05 14:51:34.962 [http-nio-8081-exec-8] DEBUG com.my.blog.website.service.impl.ContentServiceImpl - Enter getContents method
2019-01-05 14:51:34.970 [http-nio-8081-exec-8] DEBUG com.my.blog.website.service.impl.ContentServiceImpl - Exit getContents method
2019-01-05 14:51:35.794 [http-nio-8081-exec-10] DEBUG com.my.blog.website.service.impl.ContentServiceImpl - Enter getContents method
2019-01-05 14:51:35.797 [http-nio-8081-exec-10] DEBUG com.my.blog.website.service.impl.ContentServiceImpl - Exit getContents method
2019-01-05 14:51:36.499 [http-nio-8081-exec-3] DEBUG com.my.blog.website.service.impl.ContentServiceImpl - Enter getContents method
2019-01-05 14:51:36.508 [http-nio-8081-exec-3] DEBUG com.my.blog.website.service.impl.ContentServiceImpl - Exit getContents method
2019-01-05 14:51:45.635 [http-nio-8081-exec-4] DEBUG com.my.blog.website.service.impl.ContentServiceImpl - Enter getContents method
2019-01-05 14:51:45.638 [http-nio-8081-exec-4] DEBUG com.my.blog.website.service.impl.ContentServiceImpl - Exit getContents method
2019-01-05 14:51:48.183 [http-nio-8081-exec-10] DEBUG com.my.blog.website.service.impl.ContentServiceImpl - Enter getContents method
2019-01-05 14:51:48.188 [http-nio-8081-exec-10] DEBUG com.my.blog.website.service.impl.ContentServiceImpl - Exit getContents method
2019-01-05 14:52:08.834 [http-nio-8081-exec-5] DEBUG com.my.blog.website.service.impl.ContentServiceImpl - Enter getContents method
2019-01-05 14:52:08.838 [http-nio-8081-exec-5] DEBUG com.my.blog.website.service.impl.ContentServiceImpl - Exit getContents method
2019-01-05 14:52:15.177 [http-nio-8081-exec-2] DEBUG com.my.blog.website.service.impl.ContentServiceImpl - Enter getContents method
2019-01-05 14:52:15.180 [http-nio-8081-exec-2] DEBUG com.my.blog.website.service.impl.ContentServiceImpl - Exit getContents method
2019-01-05 14:52:20.937 [http-nio-8081-exec-9] DEBUG com.my.blog.website.service.impl.ContentServiceImpl - Enter getContents method
2019-01-05 14:52:20.942 [http-nio-8081-exec-9] DEBUG com.my.blog.website.service.impl.ContentServiceImpl - Exit getContents method
2019-01-05 14:52:22.350 [http-nio-8081-exec-5] DEBUG com.my.blog.website.service.impl.ContentServiceImpl - Enter getContents method
2019-01-05 14:52:22.355 [http-nio-8081-exec-5] DEBUG com.my.blog.website.service.impl.ContentServiceImpl - Exit getContents method
2019-01-05 14:55:57.851 [http-nio-8081-exec-9] DEBUG com.my.blog.website.service.impl.ContentServiceImpl - Enter getContents method
2019-01-05 14:55:57.856 [http-nio-8081-exec-9] DEBUG com.my.blog.website.service.impl.ContentServiceImpl - Exit getContents method
2019-01-05 14:55:58.548 [http-nio-8081-exec-1] DEBUG com.my.blog.website.service.impl.ContentServiceImpl - Enter getContents method
2019-01-05 14:55:58.551 [http-nio-8081-exec-1] DEBUG com.my.blog.website.service.impl.ContentServiceImpl - Exit getContents method
2019-01-05 14:55:58.997 [http-nio-8081-exec-7] DEBUG com.my.blog.website.service.impl.ContentServiceImpl - Enter getContents method
2019-01-05 14:55:59.003 [http-nio-8081-exec-7] DEBUG com.my.blog.website.service.impl.ContentServiceImpl - Exit getContents method
2019-01-05 14:56:05.011 [http-nio-8081-exec-9] DEBUG com.my.blog.website.service.impl.ContentServiceImpl - Enter getContents method
2019-01-05 14:56:05.016 [http-nio-8081-exec-9] DEBUG com.my.blog.website.service.impl.ContentServiceImpl - Exit getContents method
2019-01-05 14:56:05.771 [http-nio-8081-exec-1] DEBUG com.my.blog.website.service.impl.ContentServiceImpl - Enter getContents method
2019-01-05 14:56:05.781 [http-nio-8081-exec-1] DEBUG com.my.blog.website.service.impl.ContentServiceImpl - Exit getContents method
2019-01-05 14:56:09.166 [http-nio-8081-exec-10] DEBUG com.my.blog.website.service.impl.ContentServiceImpl - Enter getContents method
2019-01-05 14:56:09.170 [http-nio-8081-exec-10] DEBUG com.my.blog.website.service.impl.ContentServiceImpl - Exit getContents method
2019-01-05 14:56:23.051 [http-nio-8081-exec-7] DEBUG com.my.blog.website.service.impl.ContentServiceImpl - Enter getContents method
2019-01-05 14:56:23.058 [http-nio-8081-exec-7] DEBUG com.my.blog.website.service.impl.ContentServiceImpl - Exit getContents method
2019-01-05 14:56:29.630 [http-nio-8081-exec-4] DEBUG com.my.blog.website.service.impl.ContentServiceImpl - Enter getContents method
2019-01-05 14:56:29.632 [http-nio-8081-exec-4] DEBUG com.my.blog.website.service.impl.ContentServiceImpl - Exit getContents method
2019-01-05 14:56:33.565 [http-nio-8081-exec-5] DEBUG com.my.blog.website.service.impl.ContentServiceImpl - Enter getContents method
2019-01-05 14:56:33.567 [http-nio-8081-exec-5] DEBUG com.my.blog.website.service.impl.ContentServiceImpl - Exit getContents method
2019-01-05 14:58:30.563 [http-nio-8081-exec-1] DEBUG com.my.blog.website.service.impl.ContentServiceImpl - Enter getContents method
2019-01-05 14:58:30.702 [http-nio-8081-exec-1] DEBUG com.my.blog.website.service.impl.ContentServiceImpl - Exit getContents method
2019-01-05 14:58:31.986 [http-nio-8081-exec-3] DEBUG com.my.blog.website.service.impl.ContentServiceImpl - Enter getContents method
2019-01-05 14:58:31.998 [http-nio-8081-exec-3] DEBUG com.my.blog.website.service.impl.ContentServiceImpl - Exit getContents method
2019-01-05 14:58:32.437 [http-nio-8081-exec-6] DEBUG com.my.blog.website.service.impl.ContentServiceImpl - Enter getContents method
2019-01-05 14:58:32.454 [http-nio-8081-exec-6] DEBUG com.my.blog.website.service.impl.ContentServiceImpl - Exit getContents method
2019-01-05 14:58:32.753 [http-nio-8081-exec-8] DEBUG com.my.blog.website.service.impl.ContentServiceImpl - Enter getContents method
2019-01-05 14:58:32.777 [http-nio-8081-exec-8] DEBUG com.my.blog.website.service.impl.ContentServiceImpl - Exit getContents method
2019-01-05 14:58:33.998 [http-nio-8081-exec-3] DEBUG com.my.blog.website.service.impl.ContentServiceImpl - Enter getContents method
2019-01-05 14:58:34.016 [http-nio-8081-exec-3] DEBUG com.my.blog.website.service.impl.ContentServiceImpl - Exit getContents method
2019-01-05 14:58:49.226 [http-nio-8081-exec-6] DEBUG com.my.blog.website.service.impl.ContentServiceImpl - Enter getContents method
2019-01-05 14:58:49.230 [http-nio-8081-exec-6] DEBUG com.my.blog.website.service.impl.ContentServiceImpl - Exit getContents method
2019-01-05 14:58:50.824 [http-nio-8081-exec-4] DEBUG com.my.blog.website.service.impl.ContentServiceImpl - Enter getContents method
2019-01-05 14:58:50.835 [http-nio-8081-exec-4] DEBUG com.my.blog.website.service.impl.ContentServiceImpl - Exit getContents method
2019-01-05 14:59:19.585 [http-nio-8081-exec-1] DEBUG com.my.blog.website.service.impl.ContentServiceImpl - Enter getContents method
2019-01-05 14:59:19.589 [http-nio-8081-exec-1] DEBUG com.my.blog.website.service.impl.ContentServiceImpl - Exit getContents method
